<?xml version="1.0" encoding="UTF-8"?>
<testng-results skipped="0" failed="0" ignored="0" total="1" passed="1">
  <reporter-output>
  </reporter-output>
  <suite name="Regression" duration-ms="101925" started-at="2018-06-12T23:55:12Z" finished-at="2018-06-12T23:56:54Z">
    <groups>
      <group name="cucumber">
        <method signature="AbstractTestNGCucumberTests.feature(cucumber.api.testng.CucumberFeatureWrapper)[pri:0, instance:Runner.LoginRunner@32d992b2]" name="feature" class="cucumber.api.testng.AbstractTestNGCucumberTests"/>
      </group> <!-- cucumber -->
    </groups>
    <test name="TaggedHooksExample" duration-ms="101925" started-at="2018-06-12T23:55:12Z" finished-at="2018-06-12T23:56:54Z">
      <class name="Runner.LoginRunner">
        <test-method status="PASS" signature="setUpClass()[pri:0, instance:Runner.LoginRunner@32d992b2]" name="setUpClass" is-config="true" duration-ms="355" started-at="2018-06-12T19:55:12Z" finished-at="2018-06-12T19:55:12Z">
          <reporter-output>
          </reporter-output>
        </test-method> <!-- setUpClass -->
        <test-method status="PASS" signature="feature(cucumber.api.testng.CucumberFeatureWrapper)[pri:0, instance:Runner.LoginRunner@32d992b2]" name="feature" duration-ms="100961" started-at="2018-06-12T19:55:13Z" description="Runs Cucumber Feature" data-provider="features" finished-at="2018-06-12T19:56:54Z">
          <params>
            <param index="0">
              <value>
                <![CDATA[Validate NriDesiCharms Website]]>
              </value>
            </param>
          </params>
          <reporter-output>
          </reporter-output>
        </test-method> <!-- feature -->
        <test-method status="PASS" signature="tearDownClass()[pri:0, instance:Runner.LoginRunner@32d992b2]" name="tearDownClass" is-config="true" duration-ms="510" started-at="2018-06-12T19:56:54Z" finished-at="2018-06-12T19:56:54Z">
          <reporter-output>
          </reporter-output>
        </test-method> <!-- tearDownClass -->
      </class> <!-- Runner.LoginRunner -->
    </test> <!-- TaggedHooksExample -->
  </suite> <!-- Regression -->
</testng-results>
